<?xml version="1.0" encoding="utf-8"?><testsuites name="pytest tests"><testsuite name="pytest" errors="0" failures="0" skipped="0" tests="8" time="1.585" timestamp="2026-04-05T11:07:40.246616+00:00" hostname="agent-env-100a4b97-ffdc-4833-b2d4-479786fcba69"><testcase classname="backend.tests.test_profile_grade_and_study_field_update.TestProfileGradeAndStudyFieldUpdate" name="test_simple_profile_update_adds_grade_and_study_field_without_clearing_legacy_fields" time="0.268" /><testcase classname="backend.tests.test_profile_and_core_flows.TestProfileAndCoreFlows" name="test_profile_post_get_put_persistence" time="0.241" /><testcase classname="backend.tests.test_profile_and_core_flows.TestProfileAndCoreFlows" name="test_program_creation_flow_still_works" time="0.208" /><testcase classname="backend.tests.test_profile_and_core_flows.TestProfileAndCoreFlows" name="test_rooms_create_and_timer_update_still_work" time="0.196" /><testcase classname="backend.tests.test_profile_and_core_flows.TestProfileAndCoreFlows" name="test_leaderboard_endpoint_responds" time="0.107" /><testcase classname="backend.tests.test_dashboard_profile_integration_contract.TestDashboardProfileIntegrationContract" name="test_profile_contract_returns_dashboard_identity_fields" time="0.171" /><testcase classname="backend.tests.test_dashboard_profile_integration_contract.TestDashboardProfileIntegrationContract" name="test_profile_endpoint_returns_null_for_missing_profile_uid" time="0.098" /><testcase classname="backend.tests.test_dashboard_profile_integration_contract.TestDashboardProfileIntegrationContract" name="test_program_and_progress_contract_unchanged_with_profile_flow" time="0.212" /></testsuite></testsuites>