<?xml version="1.0" encoding="utf-8"?><testsuites name="pytest tests"><testsuite name="pytest" errors="0" failures="0" skipped="0" tests="4" time="0.969" timestamp="2026-04-05T08:47:34.158882+00:00" hostname="agent-env-100a4b97-ffdc-4833-b2d4-479786fcba69"><testcase classname="backend.tests.test_onboarding_program_create_flow.TestOnboardingProgramCreateFlow" name="test_profile_create_with_handle_and_dil_study_field_persists" time="0.267" /><testcase classname="backend.tests.test_onboarding_program_create_flow.TestOnboardingProgramCreateFlow" name="test_program_create_with_hidden_defaults_still_works" time="0.243" /><testcase classname="backend.tests.test_onboarding_program_create_flow.TestOnboardingProgramCreateFlow" name="test_invalid_handle_returns_400" time="0.135" /><testcase classname="backend.tests.test_onboarding_program_create_flow.TestOnboardingProgramCreateFlow" name="test_duplicate_handle_returns_409" time="0.144" /></testsuite></testsuites>